app/build/intermediates/manifest_merge_blame_file/debug/processDebugMainManifest/manifest-merger-blame-debug-report.txt
1<?xml version="1.0" encoding="utf-8"?>
2<manifest xmlns:android="http://schemas.android.com/apk/res/android"
3    package="com.linkshield.sandbox"
4    android:versionCode="12"
5    android:versionName="2.6.0" >
6
7    <uses-sdk
8        android:minSdkVersion="26"
9        android:targetSdkVersion="34" />
10
11    <uses-permission android:name="android.permission.INTERNET" />
11-->src/main/AndroidManifest.xml:4:5-67
11-->src/main/AndroidManifest.xml:4:22-64
12    <uses-permission android:name="android.permission.ACCESS_NETWORK_STATE" />
12-->src/main/AndroidManifest.xml:5:5-79
12-->src/main/AndroidManifest.xml:5:22-76
13    <uses-permission android:name="android.permission.ACCESS_WIFI_STATE" />
13-->src/main/AndroidManifest.xml:6:5-76
13-->src/main/AndroidManifest.xml:6:22-73
14    <uses-permission
14-->src/main/AndroidManifest.xml:7:5-108
15        android:name="android.permission.WRITE_EXTERNAL_STORAGE"
15-->src/main/AndroidManifest.xml:7:22-78
16        android:maxSdkVersion="28" />
16-->src/main/AndroidManifest.xml:7:79-105
17    <uses-permission android:name="android.permission.POST_NOTIFICATIONS" />
17-->src/main/AndroidManifest.xml:8:5-77
17-->src/main/AndroidManifest.xml:8:22-74
18
19    <permission
19-->[androidx.core:core:1.12.0] AndroidManifest.xml:22:5-24:47
20        android:name="com.linkshield.sandbox.DYNAMIC_RECEIVER_NOT_EXPORTED_PERMISSION"
20-->[androidx.core:core:1.12.0] AndroidManifest.xml:23:9-81
21        android:protectionLevel="signature" />
21-->[androidx.core:core:1.12.0] AndroidManifest.xml:24:9-44
22
23    <uses-permission android:name="com.linkshield.sandbox.DYNAMIC_RECEIVER_NOT_EXPORTED_PERMISSION" />
23-->[androidx.core:core:1.12.0] AndroidManifest.xml:26:5-97
23-->[androidx.core:core:1.12.0] AndroidManifest.xml:26:22-94
24
25    <application
25-->src/main/AndroidManifest.xml:10:5-77:19
26        android:name="com.linkshield.sandbox.LinkShieldApp"
26-->src/main/AndroidManifest.xml:11:9-38
27        android:allowBackup="true"
27-->src/main/AndroidManifest.xml:12:9-35
28        android:appComponentFactory="androidx.core.app.CoreComponentFactory"
28-->[androidx.core:core:1.12.0] AndroidManifest.xml:28:18-86
29        android:debuggable="true"
30        android:extractNativeLibs="true"
30-->src/main/AndroidManifest.xml:13:9-41
31        android:icon="@drawable/ic_app_logo"
31-->src/main/AndroidManifest.xml:16:9-45
32        android:label="LinkShield Sandbox"
32-->src/main/AndroidManifest.xml:18:9-43
33        android:networkSecurityConfig="@xml/network_security_config"
33-->src/main/AndroidManifest.xml:15:9-69
34        android:roundIcon="@drawable/ic_app_logo"
34-->src/main/AndroidManifest.xml:17:9-50
35        android:supportsRtl="true"
35-->src/main/AndroidManifest.xml:19:9-35
36        android:theme="@style/Theme.LinkShieldSandbox"
36-->src/main/AndroidManifest.xml:20:9-55
37        android:usesCleartextTraffic="true" >
37-->src/main/AndroidManifest.xml:14:9-44
38        <activity
38-->src/main/AndroidManifest.xml:22:9-59:20
39            android:name="com.linkshield.sandbox.MainActivity"
39-->src/main/AndroidManifest.xml:23:13-41
40            android:configChanges="orientation|screenSize|keyboardHidden"
40-->src/main/AndroidManifest.xml:25:13-74
41            android:exported="true"
41-->src/main/AndroidManifest.xml:24:13-36
42            android:launchMode="singleTask"
42-->src/main/AndroidManifest.xml:27:13-44
43            android:windowSoftInputMode="adjustResize" >
43-->src/main/AndroidManifest.xml:26:13-55
44            <intent-filter>
44-->src/main/AndroidManifest.xml:29:13-32:29
45                <action android:name="android.intent.action.MAIN" />
45-->src/main/AndroidManifest.xml:30:17-69
45-->src/main/AndroidManifest.xml:30:25-66
46
47                <category android:name="android.intent.category.LAUNCHER" />
47-->src/main/AndroidManifest.xml:31:17-77
47-->src/main/AndroidManifest.xml:31:27-74
48            </intent-filter>
49            <intent-filter>
49-->src/main/AndroidManifest.xml:34:13-39:29
50                <action android:name="android.intent.action.VIEW" />
50-->src/main/AndroidManifest.xml:35:17-69
50-->src/main/AndroidManifest.xml:35:25-66
51
52                <category android:name="android.intent.category.DEFAULT" />
52-->src/main/AndroidManifest.xml:36:17-76
52-->src/main/AndroidManifest.xml:36:27-73
53                <category android:name="android.intent.category.BROWSABLE" />
53-->src/main/AndroidManifest.xml:37:17-78
53-->src/main/AndroidManifest.xml:37:27-75
54
55                <data android:scheme="http" />
55-->src/main/AndroidManifest.xml:38:17-47
55-->src/main/AndroidManifest.xml:38:23-44
56            </intent-filter>
57            <intent-filter>
57-->src/main/AndroidManifest.xml:41:13-46:29
58                <action android:name="android.intent.action.VIEW" />
58-->src/main/AndroidManifest.xml:35:17-69
58-->src/main/AndroidManifest.xml:35:25-66
59
60                <category android:name="android.intent.category.DEFAULT" />
60-->src/main/AndroidManifest.xml:36:17-76
60-->src/main/AndroidManifest.xml:36:27-73
61                <category android:name="android.intent.category.BROWSABLE" />
61-->src/main/AndroidManifest.xml:37:17-78
61-->src/main/AndroidManifest.xml:37:27-75
62
63                <data android:scheme="https" />
63-->src/main/AndroidManifest.xml:38:17-47
63-->src/main/AndroidManifest.xml:38:23-44
64            </intent-filter>
65            <intent-filter>
65-->src/main/AndroidManifest.xml:48:13-51:29
66                <action android:name="android.intent.action.WEB_SEARCH" />
66-->src/main/AndroidManifest.xml:49:17-75
66-->src/main/AndroidManifest.xml:49:25-72
67
68                <category android:name="android.intent.category.DEFAULT" />
68-->src/main/AndroidManifest.xml:36:17-76
68-->src/main/AndroidManifest.xml:36:27-73
69            </intent-filter>
70            <intent-filter>
70-->src/main/AndroidManifest.xml:53:13-57:29
71                <action android:name="android.intent.action.SEND" />
71-->src/main/AndroidManifest.xml:54:17-69
71-->src/main/AndroidManifest.xml:54:25-66
72
73                <category android:name="android.intent.category.DEFAULT" />
73-->src/main/AndroidManifest.xml:36:17-76
73-->src/main/AndroidManifest.xml:36:27-73
74
75                <data android:mimeType="text/plain" />
75-->src/main/AndroidManifest.xml:38:17-47
75-->src/main/AndroidManifest.xml:56:23-52
76            </intent-filter>
77        </activity>
78        <activity
78-->src/main/AndroidManifest.xml:61:9-75:20
79            android:name="com.linkshield.sandbox.LinkInterceptorActivity"
79-->src/main/AndroidManifest.xml:62:13-52
80            android:exported="true"
80-->src/main/AndroidManifest.xml:63:13-36
81            android:launchMode="singleTask"
81-->src/main/AndroidManifest.xml:65:13-44
82            android:theme="@style/Theme.LinkShieldSandbox" >
82-->src/main/AndroidManifest.xml:64:13-59
83            <intent-filter>
83-->src/main/AndroidManifest.xml:67:13-73:29
84                <action android:name="android.intent.action.VIEW" />
84-->src/main/AndroidManifest.xml:35:17-69
84-->src/main/AndroidManifest.xml:35:25-66
85
86                <category android:name="android.intent.category.DEFAULT" />
86-->src/main/AndroidManifest.xml:36:17-76
86-->src/main/AndroidManifest.xml:36:27-73
87                <category android:name="android.intent.category.BROWSABLE" />
87-->src/main/AndroidManifest.xml:37:17-78
87-->src/main/AndroidManifest.xml:37:27-75
88
89                <data android:scheme="http" />
89-->src/main/AndroidManifest.xml:38:17-47
89-->src/main/AndroidManifest.xml:38:23-44
90                <data android:scheme="https" />
90-->src/main/AndroidManifest.xml:38:17-47
90-->src/main/AndroidManifest.xml:38:23-44
91            </intent-filter>
92        </activity>
93
94        <provider
94-->[androidx.emoji2:emoji2:1.3.0] AndroidManifest.xml:24:9-32:20
95            android:name="androidx.startup.InitializationProvider"
95-->[androidx.emoji2:emoji2:1.3.0] AndroidManifest.xml:25:13-67
96            android:authorities="com.linkshield.sandbox.androidx-startup"
96-->[androidx.emoji2:emoji2:1.3.0] AndroidManifest.xml:26:13-68
97            android:exported="false" >
97-->[androidx.emoji2:emoji2:1.3.0] AndroidManifest.xml:27:13-37
98            <meta-data
98-->[androidx.emoji2:emoji2:1.3.0] AndroidManifest.xml:29:13-31:52
99                android:name="androidx.emoji2.text.EmojiCompatInitializer"
99-->[androidx.emoji2:emoji2:1.3.0] AndroidManifest.xml:30:17-75
100                android:value="androidx.startup" />
100-->[androidx.emoji2:emoji2:1.3.0] AndroidManifest.xml:31:17-49
101            <meta-data
101-->[androidx.lifecycle:lifecycle-process:2.7.0] AndroidManifest.xml:29:13-31:52
102                android:name="androidx.lifecycle.ProcessLifecycleInitializer"
102-->[androidx.lifecycle:lifecycle-process:2.7.0] AndroidManifest.xml:30:17-78
103                android:value="androidx.startup" />
103-->[androidx.lifecycle:lifecycle-process:2.7.0] AndroidManifest.xml:31:17-49
104            <meta-data
104-->[androidx.profileinstaller:profileinstaller:1.3.1] AndroidManifest.xml:29:13-31:52
105                android:name="androidx.profileinstaller.ProfileInstallerInitializer"
105-->[androidx.profileinstaller:profileinstaller:1.3.1] AndroidManifest.xml:30:17-85
106                android:value="androidx.startup" />
106-->[androidx.profileinstaller:profileinstaller:1.3.1] AndroidManifest.xml:31:17-49
107        </provider>
108
109        <receiver
109-->[androidx.profileinstaller:profileinstaller:1.3.1] AndroidManifest.xml:34:9-52:20
110            android:name="androidx.profileinstaller.ProfileInstallReceiver"
110-->[androidx.profileinstaller:profileinstaller:1.3.1] AndroidManifest.xml:35:13-76
111            android:directBootAware="false"
111-->[androidx.profileinstaller:profileinstaller:1.3.1] AndroidManifest.xml:36:13-44
112            android:enabled="true"
112-->[androidx.profileinstaller:profileinstaller:1.3.1] AndroidManifest.xml:37:13-35
113            android:exported="true"
113-->[androidx.profileinstaller:profileinstaller:1.3.1] AndroidManifest.xml:38:13-36
114            android:permission="android.permission.DUMP" >
114-->[androidx.profileinstaller:profileinstaller:1.3.1] AndroidManifest.xml:39:13-57
115            <intent-filter>
115-->[androidx.profileinstaller:profileinstaller:1.3.1] AndroidManifest.xml:40:13-42:29
116                <action android:name="androidx.profileinstaller.action.INSTALL_PROFILE" />
116-->[androidx.profileinstaller:profileinstaller:1.3.1] AndroidManifest.xml:41:17-91
116-->[androidx.profileinstaller:profileinstaller:1.3.1] AndroidManifest.xml:41:25-88
117            </intent-filter>
118            <intent-filter>
118-->[androidx.profileinstaller:profileinstaller:1.3.1] AndroidManifest.xml:43:13-45:29
119                <action android:name="androidx.profileinstaller.action.SKIP_FILE" />
119-->[androidx.profileinstaller:profileinstaller:1.3.1] AndroidManifest.xml:44:17-85
119-->[androidx.profileinstaller:profileinstaller:1.3.1] AndroidManifest.xml:44:25-82
120            </intent-filter>
121            <intent-filter>
121-->[androidx.profileinstaller:profileinstaller:1.3.1] AndroidManifest.xml:46:13-48:29
122                <action android:name="androidx.profileinstaller.action.SAVE_PROFILE" />
122-->[androidx.profileinstaller:profileinstaller:1.3.1] AndroidManifest.xml:47:17-88
122-->[androidx.profileinstaller:profileinstaller:1.3.1] AndroidManifest.xml:47:25-85
123            </intent-filter>
124            <intent-filter>
124-->[androidx.profileinstaller:profileinstaller:1.3.1] AndroidManifest.xml:49:13-51:29
125                <action android:name="androidx.profileinstaller.action.BENCHMARK_OPERATION" />
125-->[androidx.profileinstaller:profileinstaller:1.3.1] AndroidManifest.xml:50:17-95
125-->[androidx.profileinstaller:profileinstaller:1.3.1] AndroidManifest.xml:50:25-92
126            </intent-filter>
127        </receiver>
128    </application>
129
130</manifest>